Base path: C:/Program Files/Unity/Editor/Data
Pipe name: \\.\pipe\UnityShaderCompiler-64bit-1-10784
Cmd: getPlatforms
Cmd: preprocess
  insize=2670 outsize=1514 ok=1
Cmd: compileSnippet
  error: 2 plat 4 at (83): 'vert': output parameter 'o' not completely initialized\nCompiling Vertex program with DIRECTIONAL SHADOWS_OFF LIGHTMAP_OFF DIRLIGHTMAP_OFF DYNAMICLIGHTMAP_OFF
  api=4 type=0 insize=9462 outsize=0 kw=DIRECTIONAL SHADOWS_OFF LIGHTMAP_OFF DIRLIGHTMAP_OFF DYNAMICLIGHTMAP_OFF ok=0
Cmd: preprocess
  insize=762 outsize=1712 ok=1
Cmd: compileSnippet
  api=4 type=0 insize=7028 outsize=3736 kw=DIRECTIONAL SHADOWS_OFF LIGHTMAP_OFF DIRLIGHTMAP_OFF DYNAMICLIGHTMAP_OFF ok=1
Cmd: compileSnippet
  api=4 type=1 insize=7028 outsize=1493 kw=DIRECTIONAL SHADOWS_OFF LIGHTMAP_OFF DIRLIGHTMAP_OFF DYNAMICLIGHTMAP_OFF ok=1
Cmd: compileSnippet
  api=4 type=0 insize=3852 outsize=2826 kw=POINT ok=1
Cmd: compileSnippet
  api=4 type=1 insize=3852 outsize=2127 kw=POINT ok=1
Cmd: compileSnippet
  api=4 type=0 insize=3218 outsize=2826 kw= ok=1
Cmd: compileSnippet
  api=4 type=1 insize=3218 outsize=1128 kw= ok=1
Cmd: compileSnippet
  api=4 type=0 insize=6214 outsize=4150 kw=LIGHTMAP_OFF DIRLIGHTMAP_OFF DYNAMICLIGHTMAP_OFF HDR_LIGHT_PREPASS_OFF ok=1
Cmd: compileSnippet
  api=4 type=1 insize=6214 outsize=1542 kw=LIGHTMAP_OFF DIRLIGHTMAP_OFF DYNAMICLIGHTMAP_OFF HDR_LIGHT_PREPASS_OFF ok=1
Cmd: compileSnippet
  api=4 type=0 insize=6137 outsize=3874 kw=LIGHTMAP_OFF DIRLIGHTMAP_OFF DYNAMICLIGHTMAP_OFF HDR_LIGHT_PREPASS_OFF ok=1
Cmd: compileSnippet
  api=4 type=1 insize=6137 outsize=1826 kw=LIGHTMAP_OFF DIRLIGHTMAP_OFF DYNAMICLIGHTMAP_OFF HDR_LIGHT_PREPASS_OFF ok=1
Cmd: compileSnippet
  api=4 type=0 insize=3241 outsize=2484 kw= ok=1
Cmd: compileSnippet
  api=4 type=1 insize=3241 outsize=1493 kw= ok=1
Cmd: preprocess
  insize=2670 outsize=1514 ok=1
Cmd: compileSnippet
  error: 2 plat 4 at (83): 'vert': output parameter 'o' not completely initialized\nCompiling Vertex program with DIRECTIONAL SHADOWS_OFF LIGHTMAP_OFF DIRLIGHTMAP_OFF DYNAMICLIGHTMAP_OFF
  api=4 type=0 insize=9462 outsize=0 kw=DIRECTIONAL SHADOWS_OFF LIGHTMAP_OFF DIRLIGHTMAP_OFF DYNAMICLIGHTMAP_OFF ok=0
Cmd: preprocess
  insize=373 outsize=373 ok=1
Cmd: compileSnippet
  api=4 type=0 insize=541 outsize=3533 kw=SHADOWS_DEPTH ok=1
Cmd: compileSnippet
  api=4 type=1 insize=541 outsize=453 kw=SHADOWS_DEPTH ok=1
Cmd: compileSnippet
  api=4 type=0 insize=6810 outsize=3663 kw=DIRECTIONAL SHADOWS_OFF LIGHTMAP_OFF DIRLIGHTMAP_OFF DYNAMICLIGHTMAP_OFF ok=1
Cmd: compileSnippet
  api=4 type=1 insize=6810 outsize=1314 kw=DIRECTIONAL SHADOWS_OFF LIGHTMAP_OFF DIRLIGHTMAP_OFF DYNAMICLIGHTMAP_OFF ok=1
Cmd: compileSnippet
  api=4 type=0 insize=3647 outsize=2753 kw=DIRECTIONAL ok=1
Cmd: compileSnippet
  api=4 type=1 insize=3647 outsize=1168 kw=DIRECTIONAL ok=1
Cmd: compileSnippet
  api=4 type=0 insize=577 outsize=3533 kw=SHADOWS_DEPTH ok=1
Cmd: compileSnippet
  api=4 type=1 insize=577 outsize=453 kw=SHADOWS_DEPTH ok=1
Cmd: compileSnippet
  api=4 type=0 insize=6800 outsize=3663 kw=DIRECTIONAL SHADOWS_OFF LIGHTMAP_OFF DIRLIGHTMAP_OFF DYNAMICLIGHTMAP_OFF ok=1
Cmd: compileSnippet
  api=4 type=1 insize=6800 outsize=1249 kw=DIRECTIONAL SHADOWS_OFF LIGHTMAP_OFF DIRLIGHTMAP_OFF DYNAMICLIGHTMAP_OFF ok=1
Cmd: compileSnippet
  api=4 type=0 insize=797 outsize=3776 kw=SHADOWS_DEPTH ok=1
Cmd: compileSnippet
  api=4 type=1 insize=797 outsize=908 kw=SHADOWS_DEPTH ok=1
Cmd: compileSnippet
  api=4 type=0 insize=6862 outsize=3663 kw=DIRECTIONAL SHADOWS_OFF LIGHTMAP_OFF DIRLIGHTMAP_OFF DYNAMICLIGHTMAP_OFF ok=1
Cmd: compileSnippet
  api=4 type=1 insize=6862 outsize=1493 kw=DIRECTIONAL SHADOWS_OFF LIGHTMAP_OFF DIRLIGHTMAP_OFF DYNAMICLIGHTMAP_OFF ok=1
Cmd: compileSnippet
  api=4 type=0 insize=3686 outsize=2753 kw=DIRECTIONAL ok=1
Cmd: compileSnippet
  api=4 type=1 insize=3686 outsize=1347 kw=DIRECTIONAL ok=1
Cmd: compileSnippet
  api=4 type=0 insize=3852 outsize=2826 kw=DIRECTIONAL ok=1
Cmd: compileSnippet
  api=4 type=1 insize=3852 outsize=1347 kw=DIRECTIONAL ok=1
Cmd: compileSnippet
  api=4 type=0 insize=6731 outsize=3663 kw=DIRECTIONAL LIGHTMAP_OFF DIRLIGHTMAP_OFF DYNAMICLIGHTMAP_OFF ok=1
Cmd: compileSnippet
  api=4 type=1 insize=6731 outsize=1314 kw=DIRECTIONAL LIGHTMAP_OFF DIRLIGHTMAP_OFF DYNAMICLIGHTMAP_OFF ok=1
Cmd: compileSnippet
  api=4 type=0 insize=3569 outsize=2753 kw=DIRECTIONAL ok=1
Cmd: compileSnippet
  api=4 type=1 insize=3569 outsize=1168 kw=DIRECTIONAL ok=1
Cmd: compileSnippet
  api=4 type=0 insize=751 outsize=3533 kw=SHADOWS_DEPTH ok=1
Cmd: compileSnippet
  api=4 type=1 insize=751 outsize=380 kw=SHADOWS_DEPTH ok=1
Cmd: compileSnippet
  api=4 type=0 insize=982 outsize=3979 kw=DIRECTIONAL SHADOWS_OFF LIGHTMAP_OFF DIRLIGHTMAP_OFF DYNAMICLIGHTMAP_OFF ok=1
Cmd: compileSnippet
  api=4 type=1 insize=982 outsize=10561 kw=DIRECTIONAL SHADOWS_OFF LIGHTMAP_OFF DIRLIGHTMAP_OFF DYNAMICLIGHTMAP_OFF ok=1
Cmd: compileSnippet
  api=4 type=0 insize=938 outsize=4036 kw=DIRECTIONAL SHADOWS_OFF ok=1
Cmd: compileSnippet
  api=4 type=1 insize=938 outsize=5515 kw=DIRECTIONAL SHADOWS_OFF ok=1
Cmd: compileSnippet
  api=4 type=0 insize=9591 outsize=10358 kw=UNITY_COLORSPACE_GAMMA ok=1
Cmd: compileSnippet
  api=4 type=1 insize=9591 outsize=2639 kw=UNITY_COLORSPACE_GAMMA ok=1
Cmd: compileSnippet
  api=4 type=0 insize=982 outsize=4337 kw=DIRECTIONAL SHADOWS_SCREEN LIGHTMAP_OFF DIRLIGHTMAP_OFF DYNAMICLIGHTMAP_OFF ok=1
Cmd: compileSnippet
  api=4 type=1 insize=982 outsize=10869 kw=DIRECTIONAL SHADOWS_SCREEN LIGHTMAP_OFF DIRLIGHTMAP_OFF DYNAMICLIGHTMAP_OFF ok=1
Cmd: preprocess
  insize=9238 outsize=2321 ok=1
Cmd: compileSnippet
  api=4 type=0 insize=6565 outsize=1006 kw= ok=1
Cmd: compileSnippet
  api=4 type=1 insize=6565 outsize=1899 kw= ok=1
Cmd: compileSnippet
  api=4 type=0 insize=6560 outsize=1006 kw= ok=1
Cmd: compileSnippet
  api=4 type=1 insize=6560 outsize=3565 kw= ok=1
Cmd: compileSnippet
  api=4 type=0 insize=6560 outsize=1006 kw= ok=1
Cmd: compileSnippet
  api=4 type=1 insize=6560 outsize=1485 kw= ok=1
Cmd: compileSnippet
  api=4 type=0 insize=6560 outsize=1006 kw= ok=1
Cmd: compileSnippet
  api=4 type=1 insize=6560 outsize=1485 kw= ok=1
Cmd: compileSnippet
  api=4 type=0 insize=6562 outsize=1006 kw= ok=1
Cmd: compileSnippet
  api=4 type=1 insize=6562 outsize=1810 kw= ok=1
Cmd: compileSnippet
  api=4 type=0 insize=6562 outsize=1006 kw= ok=1
Cmd: compileSnippet
  api=4 type=1 insize=6562 outsize=1485 kw= ok=1
Cmd: compileSnippet
  api=4 type=0 insize=6571 outsize=1006 kw= ok=1
Cmd: compileSnippet
  api=4 type=1 insize=6571 outsize=1444 kw= ok=1
Cmd: compileSnippet
  api=4 type=0 insize=6576 outsize=1006 kw= ok=1
Cmd: compileSnippet
  api=4 type=1 insize=6576 outsize=1363 kw= ok=1
Cmd: compileSnippet
  api=4 type=0 insize=6569 outsize=1006 kw= ok=1
Cmd: compileSnippet
  api=4 type=1 insize=6569 outsize=868 kw= ok=1
Cmd: compileSnippet
  api=4 type=0 insize=6567 outsize=1006 kw= ok=1
Cmd: compileSnippet
  api=4 type=1 insize=6567 outsize=1526 kw= ok=1
Cmd: compileSnippet
  api=4 type=0 insize=6574 outsize=1006 kw= ok=1
Cmd: compileSnippet
  api=4 type=1 insize=6574 outsize=1948 kw= ok=1
Cmd: preprocess
  insize=1220 outsize=458 ok=1
Cmd: compileSnippet
  api=4 type=0 insize=1008 outsize=1006 kw= ok=1
Cmd: compileSnippet
  api=4 type=1 insize=1008 outsize=859 kw= ok=1
Cmd: compileSnippet
  api=4 type=0 insize=1007 outsize=1006 kw= ok=1
Cmd: compileSnippet
  api=4 type=1 insize=1007 outsize=859 kw= ok=1
Cmd: preprocess
  insize=9695 outsize=918 ok=1
Cmd: compileSnippet
  api=4 type=0 insize=8985 outsize=1924 kw= ok=1
Cmd: compileSnippet
  api=4 type=1 insize=8985 outsize=3110 kw= ok=1
Cmd: compileSnippet
  api=4 type=0 insize=8989 outsize=2013 kw= ok=1
Cmd: compileSnippet
  api=4 type=1 insize=8989 outsize=3313 kw= ok=1
Cmd: compileSnippet
  api=4 type=0 insize=9009 outsize=1355 kw= ok=1
Cmd: compileSnippet
  api=4 type=1 insize=9009 outsize=4979 kw= ok=1
Cmd: compileSnippet
  api=4 type=0 insize=9004 outsize=1355 kw= ok=1
Cmd: compileSnippet
  api=4 type=1 insize=9004 outsize=5239 kw= ok=1
Cmd: compileSnippet
  api=4 type=0 insize=9008 outsize=1493 kw= ok=1
Cmd: compileSnippet
  api=4 type=1 insize=9008 outsize=1518 kw= ok=1
Cmd: preprocess
  insize=1692 outsize=351 ok=1
Cmd: compileSnippet
  api=4 type=0 insize=1642 outsize=1363 kw= ok=1
Cmd: compileSnippet
  api=4 type=1 insize=1642 outsize=1981 kw= ok=1
Cmd: preprocess
  insize=925 outsize=355 ok=1
Cmd: compileSnippet
  api=4 type=0 insize=875 outsize=1006 kw= ok=1
Cmd: compileSnippet
  api=4 type=1 insize=875 outsize=1241 kw= ok=1
Cmd: preprocess
  insize=1013 outsize=316 ok=1
Cmd: compileSnippet
  api=4 type=0 insize=1002 outsize=1006 kw= ok=1
Cmd: compileSnippet
  api=4 type=1 insize=1002 outsize=973 kw= ok=1
Cmd: preprocess
  insize=1298 outsize=412 ok=1
Cmd: compileSnippet
  api=4 type=0 insize=1191 outsize=1355 kw= ok=1
Cmd: compileSnippet
  api=4 type=1 insize=1191 outsize=1542 kw= ok=1
Cmd: preprocess
  insize=3630 outsize=712 ok=1
Cmd: compileSnippet
  api=4 type=0 insize=3155 outsize=1006 kw= ok=1
Cmd: compileSnippet
  api=4 type=1 insize=3155 outsize=1355 kw= ok=1
Cmd: compileSnippet
  api=4 type=0 insize=3153 outsize=1006 kw= ok=1
Cmd: compileSnippet
  api=4 type=1 insize=3153 outsize=1225 kw= ok=1
Cmd: compileSnippet
  api=4 type=0 insize=3198 outsize=1006 kw= ok=1
Cmd: compileSnippet
  api=4 type=1 insize=3198 outsize=2801 kw= ok=1
Cmd: preprocess
  insize=1242 outsize=409 ok=1
Cmd: compileSnippet
  api=4 type=0 insize=1138 outsize=1006 kw= ok=1
Cmd: compileSnippet
  api=4 type=1 insize=1138 outsize=1973 kw= ok=1
Cmd: preprocess
  insize=6809 outsize=797 ok=1
Cmd: compileSnippet
  api=4 type=0 insize=2033 outsize=1225 kw= ok=1
Cmd: compileSnippet
  api=4 type=1 insize=2033 outsize=12251 kw= ok=1
Cmd: compileSnippet
  api=4 type=0 insize=2297 outsize=1225 kw= ok=1
Cmd: compileSnippet
  api=4 type=1 insize=2297 outsize=20148 kw= ok=1
Cmd: compileSnippet
  api=4 type=0 insize=2803 outsize=1225 kw= ok=1
Cmd: compileSnippet
  api=4 type=1 insize=2803 outsize=35943 kw= ok=1
Cmd: compileSnippet
  error: 1 plat 4 at (233): 's': loop control variable conflicts with a previous declaration in the outer scope; most recent declaration will be used\nCompiling Vertex program
  api=4 type=0 insize=3079 outsize=1087 kw= ok=1
Cmd: compileSnippet
  error: 1 plat 4 at (233): 's': loop control variable conflicts with a previous declaration in the outer scope; most recent declaration will be used\nCompiling Fragment program
  api=4 type=1 insize=3079 outsize=4028 kw= ok=1
Cmd: compileSnippet
  api=4 type=0 insize=2019 outsize=1119 kw= ok=1
Cmd: compileSnippet
  api=4 type=1 insize=2019 outsize=1111 kw= ok=1
Cmd: preprocess
  insize=1180 outsize=313 ok=1
Cmd: compileSnippet
  api=4 type=0 insize=1171 outsize=1753 kw= ok=1
Cmd: compileSnippet
  api=4 type=1 insize=1171 outsize=1412 kw= ok=1
Cmd: preprocess
  insize=2658 outsize=774 ok=1
Cmd: compileSnippet
  api=4 type=0 insize=1987 outsize=1355 kw= ok=1
Cmd: compileSnippet
  api=4 type=1 insize=1987 outsize=1217 kw= ok=1
Cmd: compileSnippet
  api=4 type=0 insize=1984 outsize=1355 kw= ok=1
Cmd: compileSnippet
  api=4 type=1 insize=1984 outsize=949 kw= ok=1
Cmd: compileSnippet
  api=4 type=0 insize=1997 outsize=1656 kw= ok=1
Cmd: compileSnippet
  api=4 type=1 insize=1997 outsize=1323 kw= ok=1
Cmd: compileSnippet
  api=4 type=0 insize=1996 outsize=1355 kw= ok=1
Cmd: compileSnippet
  api=4 type=1 insize=1996 outsize=868 kw= ok=1
Cmd: preprocess
  insize=975 outsize=305 ok=1
Cmd: compileSnippet
  api=4 type=0 insize=975 outsize=1006 kw= ok=1
Cmd: compileSnippet
  api=4 type=1 insize=975 outsize=1006 kw= ok=1
Cmd: preprocess
  insize=1716 outsize=728 ok=1
Cmd: compileSnippet
  api=4 type=0 insize=1294 outsize=1843 kw= ok=1
Cmd: compileSnippet
  api=4 type=1 insize=1294 outsize=1371 kw= ok=1
Cmd: preprocess
  insize=1410 outsize=346 ok=1
Cmd: compileSnippet
  api=4 type=0 insize=1366 outsize=1363 kw= ok=1
Cmd: compileSnippet
  api=4 type=1 insize=1366 outsize=1518 kw= ok=1
Cmd: preprocess
  insize=1275 outsize=329 ok=1
Cmd: compileSnippet
  api=4 type=0 insize=1251 outsize=1314 kw= ok=1
Cmd: compileSnippet
  api=4 type=1 insize=1251 outsize=1444 kw= ok=1
Cmd: preprocess
  insize=2313 outsize=644 ok=1
Cmd: compileSnippet
  api=4 type=0 insize=1975 outsize=1444 kw= ok=1
Cmd: compileSnippet
  api=4 type=1 insize=1975 outsize=3224 kw= ok=1
Cmd: preprocess
  insize=972 outsize=271 ok=1
Cmd: compileSnippet
  api=4 type=0 insize=1001 outsize=1071 kw= ok=1
Cmd: compileSnippet
  api=4 type=1 insize=1001 outsize=1233 kw= ok=1
Cmd: preprocess
  insize=794 outsize=320 ok=1
Cmd: compileSnippet
  api=4 type=0 insize=776 outsize=1006 kw= ok=1
Cmd: compileSnippet
  api=4 type=1 insize=776 outsize=1119 kw= ok=1
Cmd: preprocess
  insize=6471 outsize=994 ok=1
Cmd: compileSnippet
  api=4 type=0 insize=5452 outsize=1314 kw= ok=1
Cmd: compileSnippet
  api=4 type=1 insize=5452 outsize=892 kw= ok=1
Cmd: compileSnippet
  api=4 type=0 insize=5459 outsize=1599 kw= ok=1
Cmd: compileSnippet
  api=4 type=1 insize=5459 outsize=1534 kw= ok=1
Cmd: compileSnippet
  api=4 type=0 insize=5463 outsize=1412 kw= ok=1
Cmd: compileSnippet
  api=4 type=1 insize=5463 outsize=1534 kw= ok=1
Cmd: compileSnippet
  api=4 type=0 insize=5464 outsize=1412 kw= ok=1
Cmd: compileSnippet
  api=4 type=1 insize=5464 outsize=1534 kw= ok=1
Cmd: compileSnippet
  api=4 type=0 insize=5468 outsize=1769 kw= ok=1
Cmd: compileSnippet
  api=4 type=1 insize=5468 outsize=1802 kw= ok=1
Cmd: compileSnippet
  api=4 type=0 insize=5469 outsize=1769 kw= ok=1
Cmd: compileSnippet
  api=4 type=1 insize=5469 outsize=1802 kw= ok=1
Cmd: preprocess
  insize=1223 outsize=260 ok=1
Cmd: compileSnippet
  api=4 type=0 insize=1265 outsize=1274 kw= ok=1
Cmd: compileSnippet
  api=4 type=1 insize=1265 outsize=1453 kw= ok=1
Cmd: preprocess
  insize=3606 outsize=704 ok=1
Cmd: compileSnippet
  api=4 type=0 insize=2934 outsize=1859 kw= ok=1
Cmd: compileSnippet
  api=4 type=1 insize=2934 outsize=2314 kw= ok=1
Cmd: compileSnippet
  api=4 type=0 insize=2925 outsize=1859 kw= ok=1
Cmd: compileSnippet
  api=4 type=1 insize=2925 outsize=1721 kw= ok=1
Cmd: compileSnippet
  api=4 type=0 insize=2924 outsize=1859 kw= ok=1
Cmd: compileSnippet
  api=4 type=1 insize=2924 outsize=1769 kw= ok=1
Cmd: compileSnippet
  api=4 type=0 insize=2936 outsize=1859 kw= ok=1
Cmd: compileSnippet
  api=4 type=1 insize=2936 outsize=2249 kw= ok=1
Cmd: preprocess
  insize=1006 outsize=248 ok=1
Cmd: compileSnippet
  api=4 type=0 insize=1059 outsize=1550 kw= ok=1
Cmd: compileSnippet
  api=4 type=1 insize=1059 outsize=1160 kw= ok=1
Cmd: preprocess
  insize=5407 outsize=1800 ok=1
Cmd: compileSnippet
  api=4 type=0 insize=3254 outsize=1355 kw= ok=1
Cmd: compileSnippet
  api=4 type=1 insize=3254 outsize=1176 kw= ok=1
Cmd: compileSnippet
  api=4 type=0 insize=3251 outsize=1355 kw= ok=1
Cmd: compileSnippet
  api=4 type=1 insize=3251 outsize=949 kw= ok=1
Cmd: compileSnippet
  api=4 type=0 insize=3267 outsize=1769 kw= ok=1
Cmd: compileSnippet
  api=4 type=1 insize=3267 outsize=1444 kw= ok=1
Cmd: compileSnippet
  api=4 type=0 insize=3259 outsize=1355 kw= ok=1
Cmd: compileSnippet
  api=4 type=1 insize=3259 outsize=868 kw= ok=1
Cmd: compileSnippet
  api=4 type=0 insize=3259 outsize=1355 kw= ok=1
Cmd: compileSnippet
  api=4 type=1 insize=3259 outsize=1176 kw= ok=1
Cmd: compileSnippet
  api=4 type=0 insize=3256 outsize=1355 kw= ok=1
Cmd: compileSnippet
  api=4 type=1 insize=3256 outsize=949 kw= ok=1
Cmd: compileSnippet
  api=4 type=0 insize=3268 outsize=1769 kw= ok=1
Cmd: compileSnippet
  api=4 type=1 insize=3268 outsize=1371 kw= ok=1
Cmd: compileSnippet
  api=4 type=0 insize=3261 outsize=1355 kw= ok=1
Cmd: compileSnippet
  api=4 type=1 insize=3261 outsize=786 kw= ok=1
Cmd: compileSnippet
  api=4 type=0 insize=3253 outsize=1355 kw= ok=1
Cmd: compileSnippet
  api=4 type=1 insize=3253 outsize=575 kw= ok=1
Cmd: compileSnippet
  api=4 type=0 insize=3257 outsize=1355 kw= ok=1
Cmd: compileSnippet
  api=4 type=1 insize=3257 outsize=778 kw= ok=1
Cmd: compileSnippet
  api=4 type=0 insize=3252 outsize=1355 kw= ok=1
Cmd: compileSnippet
  api=4 type=1 insize=3252 outsize=664 kw= ok=1
Cmd: preprocess
  insize=13848 outsize=2058 ok=1
Cmd: compileSnippet
  api=4 type=0 insize=11210 outsize=1006 kw= ok=1
Cmd: compileSnippet
  api=4 type=1 insize=11210 outsize=2176 kw= ok=1
Cmd: compileSnippet
  api=4 type=0 insize=11201 outsize=1006 kw= ok=1
Cmd: compileSnippet
  api=4 type=1 insize=11201 outsize=859 kw= ok=1
Cmd: compileSnippet
  api=4 type=0 insize=11209 outsize=1006 kw= ok=1
Cmd: compileSnippet
  api=4 type=1 insize=11209 outsize=1932 kw= ok=1
Cmd: compileSnippet
  api=4 type=0 insize=11214 outsize=1006 kw= ok=1
Cmd: compileSnippet
  api=4 type=1 insize=11214 outsize=3719 kw= ok=1
Cmd: compileSnippet
  api=4 type=0 insize=11224 outsize=1006 kw= ok=1
Cmd: compileSnippet
  api=4 type=1 insize=11224 outsize=5897 kw= ok=1
Cmd: compileSnippet
  api=4 type=0 insize=11211 outsize=1006 kw= ok=1
Cmd: compileSnippet
  api=4 type=1 insize=11211 outsize=1631 kw= ok=1
Cmd: compileSnippet
  api=4 type=0 insize=11210 outsize=1006 kw= ok=1
Cmd: compileSnippet
  api=4 type=1 insize=11210 outsize=3029 kw= ok=1
Cmd: compileSnippet
  api=4 type=0 insize=11216 outsize=1006 kw= ok=1
Cmd: compileSnippet
  api=4 type=1 insize=11216 outsize=9293 kw= ok=1
Cmd: preprocess
  insize=1045 outsize=358 ok=1
Cmd: compileSnippet
  api=4 type=0 insize=992 outsize=1006 kw= ok=1
Cmd: compileSnippet
  api=4 type=1 insize=992 outsize=1054 kw= ok=1
Cmd: preprocess
  insize=6309 outsize=753 ok=1
Cmd: compileSnippet
  api=4 type=0 insize=5347 outsize=1875 kw= ok=1
Cmd: compileSnippet
  api=4 type=1 insize=5347 outsize=4394 kw= ok=1
Cmd: compileSnippet
  api=4 type=0 insize=5355 outsize=1875 kw= ok=1
Cmd: compileSnippet
  api=4 type=1 insize=5355 outsize=3508 kw= ok=1
Cmd: compileSnippet
  api=4 type=0 insize=5349 outsize=1875 kw= ok=1
Cmd: compileSnippet
  api=4 type=1 insize=5349 outsize=3524 kw= ok=1
Cmd: compileSnippet
  api=4 type=0 insize=5360 outsize=1875 kw= ok=1
Cmd: compileSnippet
  api=4 type=1 insize=5360 outsize=2704 kw= ok=1
Cmd: compileSnippet
  api=4 type=0 insize=5355 outsize=1875 kw= ok=1
Cmd: compileSnippet
  api=4 type=1 insize=5355 outsize=1924 kw= ok=1
Cmd: preprocess
  insize=2978 outsize=782 ok=1
Cmd: compileSnippet
  api=4 type=0 insize=2245 outsize=1444 kw= ok=1
Cmd: compileSnippet
  api=4 type=1 insize=2245 outsize=949 kw= ok=1
Cmd: compileSnippet
  api=4 type=0 insize=2247 outsize=1444 kw= ok=1
Cmd: compileSnippet
  api=4 type=1 insize=2247 outsize=1176 kw= ok=1
Cmd: compileSnippet
  api=4 type=0 insize=2249 outsize=1444 kw= ok=1
Cmd: compileSnippet
  api=4 type=1 insize=2249 outsize=989 kw= ok=1
Cmd: compileSnippet
  api=4 type=0 insize=2248 outsize=1444 kw= ok=1
Cmd: compileSnippet
  api=4 type=1 insize=2248 outsize=1989 kw= ok=1
Cmd: compileSnippet
  api=4 type=0 insize=2251 outsize=1444 kw= ok=1
Cmd: compileSnippet
  api=4 type=1 insize=2251 outsize=973 kw= ok=1
Cmd: preprocess
  insize=11465 outsize=2626 ok=1
Cmd: compileSnippet
  api=4 type=0 insize=8626 outsize=1314 kw= ok=1
Cmd: compileSnippet
  api=4 type=1 insize=8626 outsize=4475 kw= ok=1
Cmd: compileSnippet
  api=4 type=0 insize=8630 outsize=1314 kw= ok=1
Cmd: compileSnippet
  api=4 type=1 insize=8630 outsize=2558 kw= ok=1
Cmd: compileSnippet
  api=4 type=0 insize=8629 outsize=1314 kw= ok=1
Cmd: compileSnippet
  api=4 type=1 insize=8629 outsize=892 kw= ok=1
Cmd: compileSnippet
  api=4 type=0 insize=8633 outsize=1314 kw= ok=1
Cmd: compileSnippet
  api=4 type=1 insize=8633 outsize=1745 kw= ok=1
Cmd: compileSnippet
  api=4 type=0 insize=8632 outsize=1314 kw= ok=1
Cmd: compileSnippet
  api=4 type=1 insize=8632 outsize=1347 kw= ok=1
Cmd: preprocess
  insize=984 outsize=438 ok=1
Cmd: compileSnippet
  api=4 type=0 insize=848 outsize=1006 kw= ok=1
Cmd: compileSnippet
  api=4 type=1 insize=848 outsize=794 kw= ok=1
Cmd: preprocess
  insize=1960 outsize=490 ok=1
Cmd: compileSnippet
  api=4 type=0 insize=1746 outsize=1006 kw= ok=1
Cmd: compileSnippet
  api=4 type=1 insize=1746 outsize=1615 kw= ok=1
Cmd: compileSnippet
  api=4 type=0 insize=1759 outsize=1006 kw= ok=1
Cmd: compileSnippet
  api=4 type=1 insize=1759 outsize=1916 kw= ok=1
Cmd: preprocess
  insize=1699 outsize=302 ok=1
Cmd: compileSnippet
  api=4 type=0 insize=1702 outsize=1753 kw= ok=1
Cmd: compileSnippet
  api=4 type=1 insize=1702 outsize=2371 kw= ok=1
Cmd: preprocess
  insize=4118 outsize=552 ok=1
Cmd: compileSnippet
  api=4 type=0 insize=3766 outsize=1753 kw= ok=1
Cmd: compileSnippet
  api=4 type=1 insize=3766 outsize=3305 kw= ok=1
Cmd: compileSnippet
  api=4 type=0 insize=3778 outsize=1753 kw= ok=1
Cmd: compileSnippet
  api=4 type=1 insize=3778 outsize=1794 kw= ok=1
Cmd: compileSnippet
  api=4 type=0 insize=3769 outsize=1753 kw= ok=1
Cmd: compileSnippet
  api=4 type=1 insize=3769 outsize=2395 kw= ok=1
Cmd: preprocess
  insize=2281 outsize=1208 ok=1
Cmd: compileSnippet
  api=4 type=0 insize=1317 outsize=1924 kw= ok=1
Cmd: compileSnippet
  api=4 type=1 insize=1317 outsize=1599 kw= ok=1
Cmd: preprocess
  insize=1033 outsize=351 ok=1
Cmd: compileSnippet
  api=4 type=0 insize=984 outsize=1006 kw= ok=1
Cmd: compileSnippet
  api=4 type=1 insize=984 outsize=1298 kw= ok=1
Cmd: preprocess
  insize=1134 outsize=457 ok=1
Cmd: compileSnippet
  api=4 type=0 insize=951 outsize=1006 kw= ok=1
Cmd: compileSnippet
  api=4 type=1 insize=951 outsize=965 kw= ok=1
Cmd: compileSnippet
  api=4 type=0 insize=957 outsize=1006 kw= ok=1
Cmd: compileSnippet
  api=4 type=1 insize=957 outsize=1022 kw= ok=1
Cmd: preprocess
  insize=742 outsize=267 ok=1
Cmd: compileSnippet
  api=4 type=0 insize=775 outsize=1006 kw= ok=1
Cmd: compileSnippet
  api=4 type=1 insize=775 outsize=835 kw= ok=1
Cmd: preprocess
  insize=5662 outsize=758 ok=1
Cmd: compileSnippet
  api=4 type=0 insize=4699 outsize=1006 kw= ok=1
Cmd: compileSnippet
  api=4 type=1 insize=4699 outsize=1201 kw= ok=1
Cmd: compileSnippet
  api=4 type=0 insize=4703 outsize=2151 kw= ok=1
Cmd: compileSnippet
  api=4 type=1 insize=4703 outsize=1851 kw= ok=1
Cmd: compileSnippet
  api=4 type=0 insize=4713 outsize=2159 kw= ok=1
Cmd: compileSnippet
  api=4 type=1 insize=4713 outsize=2753 kw= ok=1
Cmd: compileSnippet
  api=4 type=0 insize=4708 outsize=2159 kw= ok=1
Cmd: compileSnippet
  api=4 type=1 insize=4708 outsize=2419 kw= ok=1
Cmd: compileSnippet
  api=4 type=0 insize=4714 outsize=1753 kw= ok=1
Cmd: compileSnippet
  api=4 type=1 insize=4714 outsize=2371 kw= ok=1
Cmd: preprocess
  insize=4868 outsize=1016 ok=1
Cmd: compileSnippet
  api=4 type=0 insize=3837 outsize=1314 kw= ok=1
Cmd: compileSnippet
  api=4 type=1 insize=3837 outsize=1217 kw= ok=1
Cmd: compileSnippet
  api=4 type=0 insize=3844 outsize=1249 kw= ok=1
Cmd: compileSnippet
  api=4 type=1 insize=3844 outsize=1201 kw= ok=1
Cmd: compileSnippet
  api=4 type=0 insize=3842 outsize=1314 kw= ok=1
Cmd: compileSnippet
  api=4 type=1 insize=3842 outsize=1688 kw= ok=1
Cmd: compileSnippet
  api=4 type=0 insize=3844 outsize=1314 kw= ok=1
Cmd: compileSnippet
  api=4 type=1 insize=3844 outsize=1989 kw= ok=1
Cmd: compileSnippet
  api=4 type=0 insize=3834 outsize=1314 kw= ok=1
Cmd: compileSnippet
  api=4 type=1 insize=3834 outsize=989 kw= ok=1
Cmd: preprocess
  insize=785 outsize=304 ok=1
Cmd: compileSnippet
  api=4 type=0 insize=783 outsize=1006 kw= ok=1
Cmd: compileSnippet
  api=4 type=1 insize=783 outsize=673 kw= ok=1
Cmd: preprocess
  insize=725 outsize=317 ok=1
Cmd: compileSnippet
  api=4 type=0 insize=710 outsize=1006 kw= ok=1
Cmd: compileSnippet
  api=4 type=1 insize=710 outsize=1404 kw= ok=1
Cmd: preprocess
  insize=3940 outsize=650 ok=1
Cmd: compileSnippet
  api=4 type=0 insize=3334 outsize=1006 kw= ok=1
Cmd: compileSnippet
  api=4 type=1 insize=3334 outsize=1274 kw= ok=1
Cmd: compileSnippet
  api=4 type=0 insize=3341 outsize=2151 kw= ok=1
Cmd: compileSnippet
  api=4 type=1 insize=3341 outsize=1851 kw= ok=1
Cmd: compileSnippet
  api=4 type=0 insize=3350 outsize=2135 kw= ok=1
Cmd: compileSnippet
  api=4 type=1 insize=3350 outsize=2208 kw= ok=1
Cmd: compileSnippet
  api=4 type=0 insize=3345 outsize=2135 kw= ok=1
Cmd: compileSnippet
  api=4 type=1 insize=3345 outsize=2419 kw= ok=1
Cmd: preprocess
  insize=880 outsize=301 ok=1
Cmd: compileSnippet
  api=4 type=0 insize=884 outsize=1006 kw= ok=1
Cmd: compileSnippet
  api=4 type=1 insize=884 outsize=1103 kw= ok=1
Cmd: preprocess
  insize=2157 outsize=982 ok=1
Cmd: compileSnippet
  api=4 type=0 insize=912 outsize=1087 kw= ok=1
Cmd: compileSnippet
  api=4 type=1 insize=912 outsize=754 kw= ok=1
Cmd: compileSnippet
  api=4 type=0 insize=867 outsize=1087 kw= ok=1
Cmd: compileSnippet
  api=4 type=1 insize=867 outsize=616 kw= ok=1
Cmd: preprocess
  insize=5327 outsize=774 ok=1
Cmd: compileSnippet
  error: 2 plat 4 at (163): syntax error: unexpected token ')'\nCompiling Vertex program
  api=4 type=0 insize=4713 outsize=0 kw= ok=0
Cmd: preprocess
  insize=1220 outsize=389 ok=1
Cmd: compileSnippet
  api=4 type=0 insize=1136 outsize=1249 kw= ok=1
Cmd: compileSnippet
  api=4 type=1 insize=1136 outsize=1201 kw= ok=1
Cmd: preprocess
  insize=581 outsize=259 ok=1
Cmd: compileSnippet
  api=4 type=0 insize=624 outsize=843 kw= ok=1
Cmd: compileSnippet
  api=4 type=1 insize=624 outsize=453 kw= ok=1
Cmd: preprocess
  insize=731 outsize=315 ok=1
Cmd: compileSnippet
  api=4 type=0 insize=721 outsize=1006 kw= ok=1
Cmd: compileSnippet
  api=4 type=1 insize=721 outsize=729 kw= ok=1
Cmd: preprocess
  insize=5293 outsize=887 ok=1
Cmd: compileSnippet
  api=4 type=0 insize=4443 outsize=1599 kw= ok=1
Cmd: compileSnippet
  api=4 type=1 insize=4443 outsize=1323 kw= ok=1
Cmd: compileSnippet
  api=4 type=0 insize=4447 outsize=1412 kw= ok=1
Cmd: compileSnippet
  api=4 type=1 insize=4447 outsize=1534 kw= ok=1
Cmd: compileSnippet
  api=4 type=0 insize=4448 outsize=1412 kw= ok=1
Cmd: compileSnippet
  api=4 type=1 insize=4448 outsize=1534 kw= ok=1
Cmd: compileSnippet
  api=4 type=0 insize=4452 outsize=1769 kw= ok=1
Cmd: compileSnippet
  api=4 type=1 insize=4452 outsize=1802 kw= ok=1
Cmd: compileSnippet
  api=4 type=0 insize=4453 outsize=1769 kw= ok=1
Cmd: compileSnippet
  api=4 type=1 insize=4453 outsize=1802 kw= ok=1
Cmd: preprocess
  insize=1734 outsize=683 ok=1
Cmd: compileSnippet
  api=4 type=0 insize=1353 outsize=1542 kw= ok=1
Cmd: compileSnippet
  api=4 type=1 insize=1353 outsize=1258 kw= ok=1
Cmd: compileSnippet
  api=4 type=0 insize=1706 outsize=1290 kw=SOFTPARTICLES_OFF ok=1
Cmd: compileSnippet
  api=4 type=1 insize=1706 outsize=868 kw=SOFTPARTICLES_OFF ok=1
Cmd: compileSnippet
  api=4 type=0 insize=7059 outsize=3752 kw=DIRECTIONAL SHADOWS_OFF LIGHTMAP_OFF DIRLIGHTMAP_OFF DYNAMICLIGHTMAP_OFF ok=1
Cmd: compileSnippet
  api=4 type=1 insize=7059 outsize=1566 kw=DIRECTIONAL SHADOWS_OFF LIGHTMAP_OFF DIRLIGHTMAP_OFF DYNAMICLIGHTMAP_OFF ok=1
Cmd: compileSnippet
  api=4 type=0 insize=3888 outsize=2842 kw=DIRECTIONAL ok=1
Cmd: compileSnippet
  api=4 type=1 insize=3888 outsize=1420 kw=DIRECTIONAL ok=1
Cmd: compileSnippet
  api=4 type=0 insize=1333 outsize=1404 kw= ok=1
Cmd: compileSnippet
  api=4 type=1 insize=1333 outsize=1168 kw= ok=1
Cmd: compileSnippet
  api=4 type=0 insize=1329 outsize=1404 kw= ok=1
Cmd: compileSnippet
  api=4 type=1 insize=1329 outsize=1168 kw= ok=1
Cmd: compileSnippet
  api=4 type=0 insize=1329 outsize=1404 kw= ok=1
Cmd: compileSnippet
  api=4 type=1 insize=1329 outsize=1168 kw= ok=1
Cmd: compileSnippet
  api=4 type=0 insize=1333 outsize=1404 kw= ok=1
Cmd: compileSnippet
  api=4 type=1 insize=1333 outsize=1168 kw= ok=1
Cmd: compileSnippet
  api=4 type=0 insize=1321 outsize=1404 kw= ok=1
Cmd: compileSnippet
  api=4 type=1 insize=1321 outsize=1168 kw= ok=1
Cmd: compileSnippet
  api=4 type=0 insize=1331 outsize=1404 kw= ok=1
Cmd: compileSnippet
  api=4 type=1 insize=1331 outsize=1168 kw= ok=1
Cmd: compileSnippet
  api=4 type=0 insize=7523 outsize=4719 kw=DIRECTIONAL SHADOWS_OFF LIGHTMAP_OFF DIRLIGHTMAP_OFF DYNAMICLIGHTMAP_OFF ok=1
Cmd: compileSnippet
  api=4 type=1 insize=7523 outsize=3476 kw=DIRECTIONAL SHADOWS_OFF LIGHTMAP_OFF DIRLIGHTMAP_OFF DYNAMICLIGHTMAP_OFF ok=1
Cmd: compileSnippet
  api=4 type=0 insize=4918 outsize=3955 kw=DIRECTIONAL ok=1
Cmd: compileSnippet
  api=4 type=1 insize=4918 outsize=2907 kw=DIRECTIONAL ok=1
